2025-10-03 10:05:59,276 - TelegramMusicArchiver - INFO - Configuration loaded successfully
2025-10-03 10:05:59,276 - TelegramMusicArchiver - INFO - Database initialized successfully
2025-10-03 10:05:59,276 - TelegramMusicArchiver - INFO - Directory structure created
2025-10-03 10:05:59,276 - TelegramMusicArchiver - INFO - Starting Telegram Music Automation System
2025-10-03 10:06:01,046 - TelegramMusicArchiver - INFO - Telegram client initialized
2025-10-03 10:06:01,092 - TelegramMusicArchiver - INFO - Google Drive client initialized
2025-10-03 10:06:01,135 - TelegramMusicArchiver - INFO - Google Sheets client initialized
2025-10-03 10:06:01,135 - TelegramMusicArchiver - INFO - Airtable client initialized
2025-10-03 10:06:01,135 - TelegramMusicArchiver - INFO - Starting complete history processing for @IndoGlobalMusikAmbulu
Traceback (most recent call last):
  File "/home/azureuser/telegram-music-automation/complete_automation_system.py", line 993, in <module>
    asyncio.run(main())
  File "/usr/lib/python3.10/asyncio/runners.py", line 44, in run
    return loop.run_until_complete(main)
  File "/usr/lib/python3.10/asyncio/base_events.py", line 636, in run_until_complete
    self.run_forever()
  File "/usr/lib/python3.10/asyncio/base_events.py", line 603, in run_forever
    self._run_once()
  File "/usr/lib/python3.10/asyncio/base_events.py", line 1871, in _run_once
    event_list = self._selector.select(timeout)
  File "/usr/lib/python3.10/selectors.py", line 469, in select
    fd_event_list = self._selector.poll(timeout, max_ev)
KeyboardInterrupt
